<?xml version="1.0" encoding="UTF-8"?>
<!-- Generated by org.testng.reporters.JUnitReportReporter -->
<testsuite hostname="AP-IN-MOH-L0196" failures="0" tests="1" name="SampleTest" time="35.983" errors="0" timestamp="2023-12-28T15:00:02 IST" skipped="0">
  <testcase classname="SampleTest" name="verifyloginInbox" time="35.983"/>
  <system-out/>
</testsuite> <!-- SampleTest -->
