<?xml version="1.0" encoding="UTF-8"?>
<!-- Generated by org.testng.reporters.JUnitReportReporter -->
<testsuite hostname="APIN34QFML3" failures="0" tests="1" name="e2e.VerifyLoginTest" time="40.083" errors="0" timestamp="2024-02-01T14:09:04 IST" skipped="0">
  <testcase classname="e2e.VerifyLoginTest" name="verifyloginInbox" time="40.083"/>
  <system-out/>
</testsuite> <!-- e2e.VerifyLoginTest -->
