<?xml version="1.0" encoding="UTF-8"?>
<!-- Generated by org.testng.reporters.JUnitReportReporter -->
<testsuite hostname="APIN34QFML3" failures="0" tests="1" name="e2e.SanityTest" time="29.050" errors="0" timestamp="2024-01-08T10:11:46 IST" skipped="0">
  <testcase classname="e2e.SanityTest" name="verifyloginInbox" time="29.050"/>
  <system-out/>
</testsuite> <!-- e2e.SanityTest -->
