<?xml version="1.0" encoding="UTF-8"?>
<!-- Generated by org.testng.reporters.JUnitReportReporter -->
<testsuite hostname="APIN34QFML3" failures="0" tests="3" name="e2e.VerfiyCreditMemoSync" time="94.771" errors="0" timestamp="2024-02-01T14:09:04 IST" skipped="0">
  <testcase classname="e2e.VerfiyCreditMemoSync" name="verifyloginInbox" time="34.671"/>
  <system-out/>
  <testcase classname="e2e.VerfiyCreditMemoSync" name="initiateFullSync" time="30.038"/>
  <system-out/>
  <testcase classname="e2e.VerfiyCreditMemoSync" name="creditMemoSync" time="30.062"/>
  <system-out/>
</testsuite> <!-- e2e.VerfiyCreditMemoSync -->
