<?xml version="1.0" encoding="UTF-8"?>
<!-- Generated by org.testng.reporters.JUnitReportReporter -->
<testsuite hostname="APIN34QFML3" failures="0" tests="2" name="e2e.VerfiyFullSync" time="61.126" errors="0" timestamp="2024-02-01T14:09:04 IST" skipped="0">
  <testcase classname="e2e.VerfiyFullSync" name="verifyloginInbox" time="31.076"/>
  <system-out/>
  <testcase classname="e2e.VerfiyFullSync" name="initiateFullSync" time="30.050"/>
  <system-out/>
</testsuite> <!-- e2e.VerfiyFullSync -->
