<?xml version="1.0" encoding="UTF-8"?>
<!-- Generated by org.testng.reporters.JUnitReportReporter -->
<testsuite hostname="APIN34QFML3" failures="0" tests="2" name="e2e.VerfiyInvoiceSync" time="61.098" errors="0" timestamp="2024-02-01T14:09:04 IST" skipped="0">
  <testcase classname="e2e.VerfiyInvoiceSync" name="verifyloginInbox" time="31.056"/>
  <system-out/>
  <testcase classname="e2e.VerfiyInvoiceSync" name="initiateFullSync" time="30.042"/>
  <system-out/>
</testsuite> <!-- e2e.VerfiyInvoiceSync -->
