<?xml version="1.0" encoding="UTF-8"?>
<!-- Generated by org.testng.reporters.JUnitReportReporter -->
<testsuite hostname="APIN34QFML3" failures="0" tests="3" name="e2e.VerfiyCompanySync" time="91.101" errors="0" timestamp="2024-02-01T14:09:04 IST" skipped="0">
  <testcase classname="e2e.VerfiyCompanySync" name="verifyloginInbox" time="31.056"/>
  <system-out/>
  <testcase classname="e2e.VerfiyCompanySync" name="initiateFullSync" time="30.019"/>
  <system-out/>
  <testcase classname="e2e.VerfiyCompanySync" name="companySync" time="30.026"/>
  <system-out/>
</testsuite> <!-- e2e.VerfiyCompanySync -->
