<?xml version="1.0" encoding="UTF-8"?>
<!-- Generated by org.testng.reporters.JUnitReportReporter -->
<testsuite hostname="AP-IN-MOH-L0196" failures="0" tests="1" name="SanityTest" time="18.592" errors="0" timestamp="2023-12-28T16:10:39 IST" skipped="0">
  <testcase classname="SanityTest" name="verifyloginInbox" time="18.592"/>
  <system-out/>
</testsuite> <!-- SanityTest -->
